<?xml version="1.0" encoding="UTF-8"?>
<!-- Generated by org.testng.reporters.JUnitXMLReporter -->
<testsuite ignored="0" hostname="DESKTOP-PV8OE5S" failures="0" tests="3" name="Test-Runner-2" time="24.996" errors="0" timestamp="2022-11-04T18:41:12 IST">
  <testcase classname="DataProvider.ParameterByDataprovider" name="testMethod" time="3.319"/>
  <testcase classname="DataProvider.ParameterByDataprovider" name="testMethod" time="3.202"/>
  <testcase classname="DataProvider.ParameterByDataprovider" name="testMethod" time="3.15"/>
</testsuite> <!-- Test-Runner-2 -->
