<?xml version="1.0" encoding="UTF-8"?>
<!-- Generated by org.testng.reporters.JUnitXMLReporter -->
<testsuite ignored="0" hostname="DESKTOP-PV8OE5S" failures="0" tests="3" name="Test-Runner-1" time="23.895" errors="0" timestamp="2022-11-04T18:41:11 IST">
  <testcase classname="DataProvider.ParameterByDataprovider" name="testMethod" time="3.735"/>
  <testcase classname="DataProvider.ParameterByDataprovider" name="testMethod" time="3.137"/>
  <testcase classname="DataProvider.ParameterByDataprovider" name="testMethod" time="3.188"/>
</testsuite> <!-- Test-Runner-1 -->
