<?xml version="1.0" encoding="UTF-8"?>
<!-- Generated by org.testng.reporters.JUnitReportReporter -->
<testsuite hostname="DESKTOP-PV8OE5S" failures="0" tests="1" name="Parameters.CreateContactsTest" time="30.898" errors="0" timestamp="2022-11-04T15:03:57 IST" skipped="0">
  <testcase classname="Parameters.CreateContactsTest" name="startBrowser" time="30.898"/>
  <system-out/>
</testsuite> <!-- Parameters.CreateContactsTest -->
