<?xml version="1.0" encoding="UTF-8"?>
<!-- Generated by org.testng.reporters.JUnitReportReporter -->
<testsuite hostname="DESKTOP-PV8OE5S" failures="0" tests="1" name="TestNg.DataProviderTest" time="0.000" errors="0" timestamp="2022-11-03T13:04:38 IST" skipped="1">
  <testcase classname="TestNg.DataProviderTest" name="OrgNameIndustryType" time="0.000">
    <skipped/>
  </testcase> <!-- OrgNameIndustryType -->
  <system-out/>
</testsuite> <!-- TestNg.DataProviderTest -->
