<?xml version="1.0" encoding="UTF-8"?>
<!-- Generated by org.testng.reporters.JUnitReportReporter -->
<testsuite hostname="DESKTOP-PV8OE5S" failures="0" tests="6" name="DataProvider.ParameterByDataprovider" time="19.731" errors="0" timestamp="2022-11-04T18:41:13 IST" skipped="0">
  <testcase classname="DataProvider.ParameterByDataprovider" name="testMethod" time="3.319"/>
  <system-out/>
  <testcase classname="DataProvider.ParameterByDataprovider" name="testMethod" time="3.150"/>
  <system-out/>
  <testcase classname="DataProvider.ParameterByDataprovider" name="testMethod" time="3.188"/>
  <system-out/>
  <testcase classname="DataProvider.ParameterByDataprovider" name="testMethod" time="3.735"/>
  <system-out/>
  <testcase classname="DataProvider.ParameterByDataprovider" name="testMethod" time="3.202"/>
  <system-out/>
  <testcase classname="DataProvider.ParameterByDataprovider" name="testMethod" time="3.137"/>
  <system-out/>
</testsuite> <!-- DataProvider.ParameterByDataprovider -->
