<?xml version="1.0" encoding="UTF-8"?>
<!-- Generated by org.testng.reporters.JUnitReportReporter -->
<testsuite hostname="DESKTOP-PV8OE5S" failures="0" tests="1" name="TestNg.Annotations" time="0.006" errors="0" timestamp="2022-11-02T17:00:31 IST" skipped="0">
  <testcase classname="TestNg.Annotations" name="test" time="0.006"/>
  <system-out/>
</testsuite> <!-- TestNg.Annotations -->
