<?xml version="1.0" encoding="UTF-8"?>
<!-- Generated by org.testng.reporters.JUnitReportReporter -->
<testsuite hostname="DESKTOP-PV8OE5S" failures="0" tests="1" name="extentReport.ExtenteportTest" time="12.287" errors="0" timestamp="2022-11-29T18:10:29 IST" skipped="0">
  <testcase classname="extentReport.ExtenteportTest" name="extentReportsDemo" time="12.287"/>
  <system-out/>
</testsuite> <!-- extentReport.ExtenteportTest -->
