<?xml version="1.0" encoding="UTF-8"?>
<!-- Generated by org.testng.reporters.JUnitReportReporter -->
<testsuite hostname="DESKTOP-PV8OE5S" failures="0" tests="4" name="TestNg.Basics" time="0.020" errors="0" timestamp="2022-11-02T18:31:35 IST" skipped="1">
  <testcase classname="TestNg.Basics" name="ic" time="0.001"/>
  <system-out/>
  <testcase classname="TestNg.Basics" name="ic" time="0.016"/>
  <system-out/>
  <testcase classname="TestNg.Basics" name="priority1" time="0.003"/>
  <system-out/>
  <testcase classname="TestNg.Basics" name="priority">
    <skipped/>
  </testcase> <!-- priority -->
  <system-out/>
</testsuite> <!-- TestNg.Basics -->
