<?xml version="1.0" encoding="UTF-8"?>
<!-- Generated by org.testng.reporters.JUnitReportReporter -->
<testsuite hostname="DESKTOP-PV8OE5S" failures="0" tests="2" name="TestNg.PriorityTest" time="0.009" errors="0" timestamp="2022-11-02T18:25:22 IST" skipped="0">
  <testcase classname="TestNg.PriorityTest" name="c" time="0.002"/>
  <system-out/>
  <testcase classname="TestNg.PriorityTest" name="b" time="0.007"/>
  <system-out/>
</testsuite> <!-- TestNg.PriorityTest -->
