<?xml version="1.0" encoding="UTF-8"?>
<!-- Generated by org.testng.reporters.JUnitReportReporter -->
<testsuite hostname="DESKTOP-PV8OE5S" failures="0" tests="4" name="TestNg.ParameterByDataprovider" time="12.791" errors="0" timestamp="2022-11-03T13:15:57 IST" skipped="0">
  <testcase classname="TestNg.ParameterByDataprovider" name="testMethod" time="3.187"/>
  <system-out/>
  <testcase classname="TestNg.ParameterByDataprovider" name="testMethod" time="3.180"/>
  <system-out/>
  <testcase classname="TestNg.ParameterByDataprovider" name="testMethod" time="3.256"/>
  <system-out/>
  <testcase classname="TestNg.ParameterByDataprovider" name="testMethod" time="3.168"/>
  <system-out/>
</testsuite> <!-- TestNg.ParameterByDataprovider -->
