<?xml version="1.0" encoding="UTF-8"?>
<!-- Generated by org.testng.reporters.JUnitReportReporter -->
<testsuite hostname="DESKTOP-PV8OE5S" failures="0" tests="1" name="Parameters.MultiplyParameter" time="0.003" errors="0" timestamp="2022-11-04T13:14:19 IST" skipped="0">
  <testcase classname="Parameters.MultiplyParameter" name="add" time="0.003"/>
  <system-out/>
</testsuite> <!-- Parameters.MultiplyParameter -->
